0 info it worked if it ends with ok
1 verbose cli [ '/usr/local/bin/node', '/usr/local/bin/npm', 'publish' ]
2 info using npm@3.5.2
3 info using node@v4.2.1
4 verbose publish [ '.' ]
5 silly cache add args [ '.', null ]
6 verbose cache add spec .
7 silly cache add parsed spec Result {
7 silly cache add   raw: '.',
7 silly cache add   scope: null,
7 silly cache add   name: null,
7 silly cache add   rawSpec: '.',
7 silly cache add   spec: '/Users/jljsj/Documents/web/style-utils',
7 silly cache add   type: 'directory' }
8 verbose addLocalDirectory /Users/jljsj/.npm/style-utils/0.0.1/package.tgz not in flight; packing
9 info lifecycle style-utils@0.0.1~prepublish: style-utils@0.0.1
10 verbose lifecycle style-utils@0.0.1~prepublish: unsafe-perm in lifecycle true
11 verbose lifecycle style-utils@0.0.1~prepublish: PATH: /usr/local/lib/node_modules/npm/bin/node-gyp-bin:/Users/jljsj/Documents/web/style-utils/node_modules/.bin:/usr/local/bin:/usr/local/mongodb/bin:/Library/Frameworks/Python.framework/Versions/2.7/bin:/Users/jljsj/Documents/cocos2d-x-3.0/tools/cocos2d-console/bin:/sdk:/android-ndk-r9:/android-ndk-r9:/usr/local/bin:/usr/bin:/bin:/usr/sbin:/sbin:/android-ndk-r9/toolchains:/sdk:/sdk/platform-tools:/sdk/tools:/apache-ant-1.9.3/bin
12 verbose lifecycle style-utils@0.0.1~prepublish: CWD: /Users/jljsj/Documents/web/style-utils
13 silly lifecycle style-utils@0.0.1~prepublish: Args: [ '-c', 'babel index.js --out-file main.js' ]
14 silly lifecycle style-utils@0.0.1~prepublish: Returned: code: 0  signal: null
15 verbose tar pack [ '/Users/jljsj/.npm/style-utils/0.0.1/package.tgz',
15 verbose tar pack   '/Users/jljsj/Documents/web/style-utils' ]
16 verbose tarball /Users/jljsj/.npm/style-utils/0.0.1/package.tgz
17 verbose folder /Users/jljsj/Documents/web/style-utils
18 verbose addLocalTarball adding from inside cache /Users/jljsj/.npm/style-utils/0.0.1/package.tgz
19 silly cache afterAdd style-utils@0.0.1
20 verbose afterAdd /Users/jljsj/.npm/style-utils/0.0.1/package/package.json not in flight; writing
21 verbose afterAdd /Users/jljsj/.npm/style-utils/0.0.1/package/package.json written
22 silly publish { name: 'style-utils',
22 silly publish   version: '0.0.1',
22 silly publish   description: 'style css for tween-one and queue-anim',
22 silly publish   main: 'main.js',
22 silly publish   scripts:
22 silly publish    { test: 'echo "Error: no test specified" && exit 1',
22 silly publish      prepublish: 'babel index.js --out-file main.js' },
22 silly publish   repository:
22 silly publish    { type: 'git',
22 silly publish      url: 'git+https://github.com/jljsj/style-css.git' },
22 silly publish   author: { name: '155259966@qq.com' },
22 silly publish   license: 'MIT',
22 silly publish   bugs: { url: 'https://github.com/jljsj/style-css/issues' },
22 silly publish   homepage: 'https://github.com/jljsj/style-css#readme',
22 silly publish   devDependencies: { 'babel-cli': '^6.6.5', 'babel-preset-es2015': '^6.6.0' },
22 silly publish   readme: '# style-css\n',
22 silly publish   readmeFilename: 'README.md',
22 silly publish   _id: 'style-utils@0.0.1',
22 silly publish   _shasum: '072161c17be80d59777cf5219c0caf38954155f5',
22 silly publish   _from: '.' }
23 verbose getPublishConfig undefined
24 silly mapToRegistry name style-utils
25 silly mapToRegistry using default registry
26 silly mapToRegistry registry http://registry.npmjs.org/
27 silly mapToRegistry uri http://registry.npmjs.org/style-utils
28 verbose publish registryBase http://registry.npmjs.org/
29 silly publish uploading /Users/jljsj/.npm/style-utils/0.0.1/package.tgz
30 verbose request uri http://registry.npmjs.org/style-utils
31 verbose request sending authorization for write operation
32 info attempt registry request try #1 at 4:35:56 PM
33 verbose request using bearer token for auth
34 verbose request id b9af5f7953e8ffea
35 http request PUT http://registry.npmjs.org/style-utils
36 http 401 http://registry.npmjs.org/style-utils
37 verbose headers { 'content-type': 'application/json',
37 verbose headers   'cache-control': 'max-age=300',
37 verbose headers   'content-length': '53',
37 verbose headers   'accept-ranges': 'bytes',
37 verbose headers   date: 'Mon, 28 Mar 2016 08:33:24 GMT',
37 verbose headers   via: '1.1 varnish',
37 verbose headers   connection: 'keep-alive',
37 verbose headers   'x-served-by': 'cache-nrt6124-NRT',
37 verbose headers   'x-cache': 'MISS',
37 verbose headers   'x-cache-hits': '0',
37 verbose headers   'x-timer': 'S1459154004.283299,VS0,VE523' }
38 verbose request invalidating /Users/jljsj/.npm/registry.npmjs.org/style-utils on PUT
39 error publish Failed PUT 401
40 verbose stack Error: You must be logged in to publish packages : style-utils
40 verbose stack     at makeError (/usr/local/lib/node_modules/npm/node_modules/npm-registry-client/lib/request.js:264:12)
40 verbose stack     at CachingRegistryClient.<anonymous> (/usr/local/lib/node_modules/npm/node_modules/npm-registry-client/lib/request.js:252:14)
40 verbose stack     at Request._callback (/usr/local/lib/node_modules/npm/node_modules/npm-registry-client/lib/request.js:172:14)
40 verbose stack     at Request.self.callback (/usr/local/lib/node_modules/npm/node_modules/request/request.js:198:22)
40 verbose stack     at emitTwo (events.js:87:13)
40 verbose stack     at Request.emit (events.js:172:7)
40 verbose stack     at Request.<anonymous> (/usr/local/lib/node_modules/npm/node_modules/request/request.js:1082:10)
40 verbose stack     at emitOne (events.js:82:20)
40 verbose stack     at Request.emit (events.js:169:7)
40 verbose stack     at IncomingMessage.<anonymous> (/usr/local/lib/node_modules/npm/node_modules/request/request.js:1009:12)
41 verbose statusCode 401
42 verbose pkgid style-utils
43 verbose cwd /Users/jljsj/Documents/web/style-utils
44 error Darwin 15.0.0
45 error argv "/usr/local/bin/node" "/usr/local/bin/npm" "publish"
46 error node v4.2.1
47 error npm  v3.5.2
48 error code E401
49 error You must be logged in to publish packages : style-utils
50 error If you need help, you may report this error at:
50 error     <https://github.com/npm/npm/issues>
51 verbose exit [ 1, true ]
